{"date":"2025-08-01T19:24:08.847Z","level":"info","message":"Request received","method":"POST","service":"user-service","url":"/auth/request-login-code"}
{"date":"2025-08-01T19:24:29.825Z","level":"info","message":"Request received","method":"POST","service":"user-service","url":"/auth/verify-login-code"}
{"date":"2025-08-01T19:24:44.442Z","level":"info","message":"Request received","method":"PUT","service":"user-service","url":"/auth/profile"}
{"date":"2025-08-01T19:48:14.417Z","level":"info","message":"Request received","method":"GET","service":"user-service","url":"/auth/profile"}
{"date":"2025-08-01T19:48:14.991Z","level":"info","message":"Request received","method":"GET","service":"user-service","url":"/community?page=1&limit=10"}
{"date":"2025-08-01T19:48:21.712Z","level":"info","message":"Request received","method":"GET","service":"user-service","url":"/community/like/688cb15491d6d3cdac1ada3c"}
{"date":"2025-08-01T19:48:22.407Z","level":"info","message":"Request received","method":"GET","service":"user-service","url":"/community?page=1&limit=10"}
{"date":"2025-08-01T19:48:26.779Z","level":"info","message":"Request received","method":"GET","service":"user-service","url":"/auth/profile"}
{"date":"2025-08-01T19:48:27.205Z","level":"info","message":"Request received","method":"GET","service":"user-service","url":"/community/688c979e03cd80deb55996b1"}
{"date":"2025-08-01T19:48:27.212Z","level":"info","message":"Request received","method":"GET","service":"user-service","url":"/comment/688c979e03cd80deb55996b1"}
{"date":"2025-08-01T19:48:29.053Z","level":"info","message":"Request received","method":"GET","service":"user-service","url":"/community/like/688c979e03cd80deb55996b1"}
{"date":"2025-08-01T19:48:29.659Z","level":"info","message":"Request received","method":"GET","service":"user-service","url":"/community/688c979e03cd80deb55996b1"}
{"date":"2025-08-01T19:48:35.863Z","level":"info","message":"Request received","method":"POST","service":"user-service","url":"/comment"}
{"date":"2025-08-01T19:48:36.418Z","level":"info","message":"Request received","method":"GET","service":"user-service","url":"/comment/688c979e03cd80deb55996b1"}
{"date":"2025-08-01T19:48:39.991Z","level":"info","message":"Request received","method":"GET","service":"user-service","url":"/auth/profile"}
{"date":"2025-08-01T19:48:40.368Z","level":"info","message":"Request received","method":"GET","service":"user-service","url":"/community?page=1&limit=10"}
{"date":"2025-08-01T20:46:39.949Z","level":"info","message":"Request received","method":"GET","service":"user-service","url":"/auth/profile"}
{"date":"2025-08-01T20:46:59.887Z","level":"info","message":"Request received","method":"GET","service":"user-service","url":"/auth/profile"}
{"date":"2025-08-01T20:47:09.973Z","level":"error","message":"Could not connect to any servers in your MongoDB Atlas cluster. One common reason is that you're trying to access the database from an IP that isn't whitelisted. Make sure your current IP address is on your Atlas cluster's IP whitelist: https://docs.atlas.mongodb.com/security-whitelist/","method":"GET","service":"user-service","url":"/profile"}
{"date":"2025-08-01T20:50:43.076Z","level":"info","message":"Request received","method":"POST","service":"user-service","url":"/auth/request-login-code"}
{"date":"2025-08-01T20:51:34.897Z","level":"info","message":"Request received","method":"POST","service":"user-service","url":"/auth/verify-login-code"}
{"date":"2025-08-01T20:51:44.721Z","level":"info","message":"Request received","method":"GET","service":"user-service","url":"/community?page=1&limit=10"}
{"date":"2025-08-01T20:51:49.523Z","level":"info","message":"Request received","method":"GET","service":"user-service","url":"/auth/profile"}
{"date":"2025-08-01T20:51:50.066Z","level":"info","message":"Request received","method":"GET","service":"user-service","url":"/community/688cb15491d6d3cdac1ada3c"}
{"date":"2025-08-01T20:51:50.077Z","level":"info","message":"Request received","method":"GET","service":"user-service","url":"/comment/688cb15491d6d3cdac1ada3c"}
{"date":"2025-08-01T20:52:56.419Z","level":"info","message":"Request received","method":"POST","service":"user-service","url":"/comment"}
{"date":"2025-08-01T20:52:56.808Z","level":"info","message":"Request received","method":"GET","service":"user-service","url":"/comment/688cb15491d6d3cdac1ada3c"}
{"date":"2025-08-01T20:53:10.875Z","level":"info","message":"Request received","method":"GET","service":"user-service","url":"/community?page=1&limit=10"}
{"date":"2025-08-01T20:53:20.281Z","level":"info","message":"Request received","method":"GET","service":"user-service","url":"/auth/profile"}
{"date":"2025-08-01T20:53:20.978Z","level":"info","message":"Request received","method":"GET","service":"user-service","url":"/community/688c929a3284cbf2cf21a59d"}
{"date":"2025-08-01T20:53:20.985Z","level":"info","message":"Request received","method":"GET","service":"user-service","url":"/comment/688c929a3284cbf2cf21a59d"}
{"date":"2025-08-01T20:53:22.936Z","level":"info","message":"Request received","method":"GET","service":"user-service","url":"/community/like/688c929a3284cbf2cf21a59d"}
{"date":"2025-08-01T20:53:23.632Z","level":"info","message":"Request received","method":"GET","service":"user-service","url":"/community/688c929a3284cbf2cf21a59d"}
{"date":"2025-08-01T20:53:38.766Z","level":"info","message":"Request received","method":"GET","service":"user-service","url":"/auth/profile"}
{"date":"2025-08-01T20:53:39.425Z","level":"info","message":"Request received","method":"GET","service":"user-service","url":"/community/688c929a3284cbf2cf21a59d"}
{"date":"2025-08-01T20:53:39.434Z","level":"info","message":"Request received","method":"GET","service":"user-service","url":"/comment/688c929a3284cbf2cf21a59d"}
{"date":"2025-08-01T20:53:41.187Z","level":"info","message":"Request received","method":"GET","service":"user-service","url":"/community?page=1&limit=10"}
{"date":"2025-08-01T20:54:05.480Z","level":"info","message":"Request received","method":"POST","service":"user-service","url":"/community"}
{"date":"2025-08-01T20:54:13.816Z","level":"info","message":"Request received","method":"GET","service":"user-service","url":"/community?page=1&limit=10"}
{"date":"2025-08-01T21:53:10.065Z","level":"info","message":"Request received","method":"POST","service":"user-service","url":"/auth/request-login-code"}
{"date":"2025-08-01T21:53:55.919Z","level":"info","message":"Request received","method":"POST","service":"user-service","url":"/auth/verify-login-code"}
{"date":"2025-08-01T21:54:03.905Z","level":"info","message":"Request received","method":"GET","service":"user-service","url":"/community?page=1&limit=10"}
{"date":"2025-08-01T21:55:15.004Z","level":"info","message":"Request received","method":"GET","service":"user-service","url":"/community?title=hello&page=1&limit=10"}
{"date":"2025-08-01T21:55:22.142Z","level":"info","message":"Request received","method":"GET","service":"user-service","url":"/auth/profile"}
{"date":"2025-08-01T21:55:22.595Z","level":"info","message":"Request received","method":"GET","service":"user-service","url":"/community/688d2975b11ddc8c52af6f98"}
{"date":"2025-08-01T21:55:22.597Z","level":"info","message":"Request received","method":"GET","service":"user-service","url":"/comment/688d2975b11ddc8c52af6f98"}
{"date":"2025-08-01T21:55:26.849Z","level":"info","message":"Request received","method":"GET","service":"user-service","url":"/community?page=1&limit=10"}
{"date":"2025-08-04T07:41:10.785Z","level":"info","message":"Request received","method":"POST","service":"user-service","url":"/auth/request-login-code"}
{"date":"2025-08-04T07:42:01.838Z","level":"info","message":"Request received","method":"POST","service":"user-service","url":"/auth/verify-login-code"}
{"date":"2025-08-04T07:42:10.232Z","level":"info","message":"Request received","method":"GET","service":"user-service","url":"/tour?page=1&limit=6"}
{"date":"2025-08-04T07:42:10.348Z","level":"error","message":"Failed to optimize pipeline :: caused by :: Failed to parse objectId 'booking' in $convert with no onError value: Invalid string length for parsing to OID, expected 24 but found 7","service":"user-service"}
{"date":"2025-08-04T07:43:50.397Z","level":"info","message":"Request received","method":"POST","service":"user-service","url":"/auth/request-login-code"}
{"date":"2025-08-04T07:44:05.770Z","level":"info","message":"Request received","method":"POST","service":"user-service","url":"/auth/verify-login-code"}
{"date":"2025-08-04T07:44:05.843Z","level":"error","message":"Invalid verification code","method":"POST","service":"user-service","url":"/verify-login-code"}
{"date":"2025-08-04T07:44:12.555Z","level":"info","message":"Request received","method":"POST","service":"user-service","url":"/auth/verify-login-code"}
{"date":"2025-08-04T07:44:12.614Z","level":"error","message":"Invalid verification code","method":"POST","service":"user-service","url":"/verify-login-code"}
{"date":"2025-08-04T07:44:25.244Z","level":"info","message":"Request received","method":"POST","service":"user-service","url":"/auth/verify-login-code"}
{"date":"2025-08-04T07:44:28.853Z","level":"info","message":"Request received","method":"GET","service":"user-service","url":"/tour?page=1&limit=6"}
{"date":"2025-08-04T07:44:29.106Z","level":"error","message":"Failed to optimize pipeline :: caused by :: Failed to parse objectId 'booking' in $convert with no onError value: Invalid string length for parsing to OID, expected 24 but found 7","service":"user-service"}
{"date":"2025-08-04T07:47:28.188Z","level":"info","message":"Request received","method":"GET","service":"user-service","url":"/auth/profile"}
{"date":"2025-08-04T07:47:28.532Z","level":"info","message":"Request received","method":"GET","service":"user-service","url":"/tour?page=1&limit=6"}
{"date":"2025-08-04T07:47:28.974Z","level":"info","message":"Request received","method":"GET","service":"user-service","url":"/tour?page=1&limit=6"}
{"date":"2025-08-04T07:52:01.114Z","level":"info","message":"Request received","method":"GET","service":"user-service","url":"/auth/profile"}
{"date":"2025-08-04T07:52:01.409Z","level":"info","message":"Request received","method":"GET","service":"user-service","url":"/tour?page=1&limit=6"}
{"date":"2025-08-04T07:52:01.609Z","level":"error","message":"PlanExecutor error during aggregation :: caused by :: Unsupported conversion from object to objectId in $convert with no onError value","service":"user-service"}
{"date":"2025-08-04T07:55:08.526Z","level":"info","message":"Request received","method":"GET","service":"user-service","url":"/auth/profile"}
{"date":"2025-08-04T07:55:08.801Z","level":"info","message":"Request received","method":"GET","service":"user-service","url":"/tour?page=1&limit=6"}
{"date":"2025-08-04T07:55:09.380Z","level":"info","message":"Request received","method":"GET","service":"user-service","url":"/tour?page=1&limit=6"}
{"date":"2025-08-04T07:55:49.490Z","level":"info","message":"Request received","method":"GET","service":"user-service","url":"/auth/profile"}
{"date":"2025-08-04T07:55:49.795Z","level":"info","message":"Request received","method":"GET","service":"user-service","url":"/tour?page=1&limit=6"}
{"date":"2025-08-04T07:55:50.309Z","level":"info","message":"Request received","method":"GET","service":"user-service","url":"/tour?page=1&limit=6"}
{"date":"2025-08-04T07:55:56.971Z","level":"info","message":"Request received","method":"GET","service":"user-service","url":"/auth/profile"}
{"date":"2025-08-04T07:55:57.416Z","level":"info","message":"Request received","method":"GET","service":"user-service","url":"/tour?page=1&limit=6"}
{"date":"2025-08-04T07:55:57.813Z","level":"info","message":"Request received","method":"GET","service":"user-service","url":"/tour?page=1&limit=6"}
{"date":"2025-08-04T07:56:29.867Z","level":"info","message":"Request received","method":"GET","service":"user-service","url":"/auth/profile"}
{"date":"2025-08-04T07:56:30.116Z","level":"info","message":"Request received","method":"GET","service":"user-service","url":"/tour?page=1&limit=6"}
{"date":"2025-08-04T07:56:30.615Z","level":"info","message":"Request received","method":"GET","service":"user-service","url":"/tour?page=1&limit=6"}
{"date":"2025-08-04T07:58:55.298Z","level":"info","message":"Request received","method":"GET","service":"user-service","url":"/auth/profile"}
{"date":"2025-08-04T07:58:55.582Z","level":"info","message":"Request received","method":"GET","service":"user-service","url":"/tour?page=1&limit=6"}
{"date":"2025-08-04T07:58:56.098Z","level":"info","message":"Request received","method":"GET","service":"user-service","url":"/tour?page=1&limit=6"}
{"date":"2025-08-04T07:59:09.129Z","level":"info","message":"Request received","method":"GET","service":"user-service","url":"/community?page=1&limit=10"}
{"date":"2025-08-04T07:59:23.061Z","level":"info","message":"Request received","method":"GET","service":"user-service","url":"/auth/profile"}
{"date":"2025-08-04T07:59:23.439Z","level":"info","message":"Request received","method":"GET","service":"user-service","url":"/community/688d2975b11ddc8c52af6f98"}
{"date":"2025-08-04T07:59:23.467Z","level":"info","message":"Request received","method":"GET","service":"user-service","url":"/comment/688d2975b11ddc8c52af6f98"}
{"date":"2025-08-04T07:59:26.701Z","level":"info","message":"Request received","method":"GET","service":"user-service","url":"/community/like/688d2975b11ddc8c52af6f98"}
{"date":"2025-08-04T07:59:26.891Z","level":"info","message":"Request received","method":"GET","service":"user-service","url":"/community/688d2975b11ddc8c52af6f98"}
{"date":"2025-08-04T07:59:29.799Z","level":"info","message":"Request received","method":"GET","service":"user-service","url":"/community/dislike/688d2975b11ddc8c52af6f98"}
{"date":"2025-08-04T07:59:30.024Z","level":"info","message":"Request received","method":"GET","service":"user-service","url":"/community/688d2975b11ddc8c52af6f98"}
{"date":"2025-08-04T07:59:33.453Z","level":"info","message":"Request received","method":"GET","service":"user-service","url":"/community/dislike/688d2975b11ddc8c52af6f98"}
{"date":"2025-08-04T07:59:33.624Z","level":"info","message":"Request received","method":"GET","service":"user-service","url":"/community/688d2975b11ddc8c52af6f98"}
{"date":"2025-08-04T07:59:41.541Z","level":"info","message":"Request received","method":"POST","service":"user-service","url":"/comment"}
{"date":"2025-08-04T07:59:41.799Z","level":"info","message":"Request received","method":"GET","service":"user-service","url":"/comment/688d2975b11ddc8c52af6f98"}
{"date":"2025-08-04T08:00:14.081Z","level":"info","message":"Request received","method":"POST","service":"user-service","url":"/reply"}
{"date":"2025-08-04T08:00:14.326Z","level":"info","message":"Request received","method":"GET","service":"user-service","url":"/comment/688d2975b11ddc8c52af6f98"}
{"date":"2025-08-04T08:00:30.680Z","level":"info","message":"Request received","method":"GET","service":"user-service","url":"/community?page=1&limit=10"}
{"date":"2025-08-04T08:00:34.338Z","level":"info","message":"Request received","method":"GET","service":"user-service","url":"/auth/profile"}
{"date":"2025-08-04T08:00:34.557Z","level":"info","message":"Request received","method":"GET","service":"user-service","url":"/community/688d2975b11ddc8c52af6f98"}
{"date":"2025-08-04T08:00:34.565Z","level":"info","message":"Request received","method":"GET","service":"user-service","url":"/comment/688d2975b11ddc8c52af6f98"}
{"date":"2025-08-04T08:00:45.978Z","level":"info","message":"Request received","method":"GET","service":"user-service","url":"/community/like/688d2975b11ddc8c52af6f98"}
{"date":"2025-08-04T08:00:46.162Z","level":"info","message":"Request received","method":"GET","service":"user-service","url":"/community/688d2975b11ddc8c52af6f98"}
{"date":"2025-08-04T08:00:48.993Z","level":"info","message":"Request received","method":"GET","service":"user-service","url":"/community?page=1&limit=10"}
{"date":"2025-08-04T08:01:04.557Z","level":"info","message":"Request received","method":"GET","service":"user-service","url":"/auth/profile"}
{"date":"2025-08-04T08:01:04.819Z","level":"info","message":"Request received","method":"GET","service":"user-service","url":"/community/688cb15491d6d3cdac1ada3c"}
{"date":"2025-08-04T08:01:04.984Z","level":"info","message":"Request received","method":"GET","service":"user-service","url":"/comment/688cb15491d6d3cdac1ada3c"}
{"date":"2025-08-04T08:01:07.478Z","level":"info","message":"Request received","method":"GET","service":"user-service","url":"/community/dislike/688cb15491d6d3cdac1ada3c"}
{"date":"2025-08-04T08:01:07.728Z","level":"info","message":"Request received","method":"GET","service":"user-service","url":"/community/688cb15491d6d3cdac1ada3c"}
{"date":"2025-08-04T08:01:26.674Z","level":"info","message":"Request received","method":"GET","service":"user-service","url":"/community?page=1&limit=10"}
{"date":"2025-08-04T08:06:29.510Z","level":"info","message":"Request received","method":"POST","service":"user-service","url":"/auth/request-login-code"}
{"date":"2025-08-04T08:06:46.878Z","level":"info","message":"Request received","method":"POST","service":"user-service","url":"/auth/verify-login-code"}
{"date":"2025-08-04T08:06:52.339Z","level":"info","message":"Request received","method":"GET","service":"user-service","url":"/community?page=1&limit=10"}
{"date":"2025-08-04T08:07:30.464Z","level":"info","message":"Request received","method":"GET","service":"user-service","url":"/community/like/688d2975b11ddc8c52af6f98"}
{"date":"2025-08-04T08:07:30.641Z","level":"info","message":"Request received","method":"GET","service":"user-service","url":"/community?page=1&limit=10"}
{"date":"2025-08-04T08:08:19.598Z","level":"info","message":"Request received","method":"GET","service":"user-service","url":"/community/like/688d2975b11ddc8c52af6f98"}
{"date":"2025-08-04T08:08:21.054Z","level":"info","message":"Request received","method":"GET","service":"user-service","url":"/community?page=1&limit=10"}
{"date":"2025-08-04T08:08:59.683Z","level":"info","message":"Request received","method":"GET","service":"user-service","url":"/auth/profile"}
{"date":"2025-08-04T08:09:00.325Z","level":"info","message":"Request received","method":"GET","service":"user-service","url":"/community?page=1&limit=10"}
{"date":"2025-08-04T08:11:26.196Z","level":"info","message":"Request received","method":"GET","service":"user-service","url":"/auth/profile"}
{"date":"2025-08-04T08:11:26.625Z","level":"info","message":"Request received","method":"GET","service":"user-service","url":"/community?page=1&limit=10"}
{"date":"2025-08-04T08:11:42.900Z","level":"info","message":"Request received","method":"GET","service":"user-service","url":"/community/like/688d2975b11ddc8c52af6f98"}
{"date":"2025-08-04T08:11:43.122Z","level":"info","message":"Request received","method":"GET","service":"user-service","url":"/community?page=1&limit=10"}
{"date":"2025-08-04T08:16:35.995Z","level":"info","message":"Request received","method":"GET","service":"user-service","url":"/community/like/688d2975b11ddc8c52af6f98"}
{"date":"2025-08-04T08:16:36.436Z","level":"info","message":"Request received","method":"GET","service":"user-service","url":"/community?page=1&limit=10"}
{"date":"2025-08-04T08:20:20.068Z","level":"info","message":"Request received","method":"GET","service":"user-service","url":"/community/dislike/688cb15491d6d3cdac1ada3c"}
{"date":"2025-08-04T08:20:20.272Z","level":"info","message":"Request received","method":"GET","service":"user-service","url":"/community?page=1&limit=10"}
{"date":"2025-08-04T08:21:28.933Z","level":"info","message":"Request received","method":"GET","service":"user-service","url":"/community/dislike/688cb15491d6d3cdac1ada3c"}
{"date":"2025-08-04T08:21:29.578Z","level":"info","message":"Request received","method":"GET","service":"user-service","url":"/community?page=1&limit=10"}
{"date":"2025-08-04T08:25:17.031Z","level":"info","message":"Request received","method":"GET","service":"user-service","url":"/community?page=1&limit=10"}
{"date":"2025-08-04T08:27:09.134Z","level":"info","message":"Request received","method":"GET","service":"user-service","url":"/community/dislike/688cb15491d6d3cdac1ada3c"}
{"date":"2025-08-04T08:27:09.333Z","level":"info","message":"Request received","method":"GET","service":"user-service","url":"/community?page=1&limit=10"}
{"date":"2025-08-04T08:27:11.939Z","level":"info","message":"Request received","method":"GET","service":"user-service","url":"/community/dislike/688cb15491d6d3cdac1ada3c"}
{"date":"2025-08-04T08:27:12.111Z","level":"info","message":"Request received","method":"GET","service":"user-service","url":"/community?page=1&limit=10"}
{"date":"2025-08-04T08:27:17.781Z","level":"info","message":"Request received","method":"GET","service":"user-service","url":"/community?title=hello&page=1&limit=10"}
{"date":"2025-08-04T08:27:20.995Z","level":"info","message":"Request received","method":"GET","service":"user-service","url":"/community?page=1&limit=10"}
{"date":"2025-08-04T08:29:27.043Z","level":"info","message":"Request received","method":"POST","service":"user-service","url":"/assessment"}
{"date":"2025-08-04T08:29:27.269Z","level":"info","message":"Request received","method":"POST","service":"user-service","url":"/facility"}
{"date":"2025-08-04T08:29:27.293Z","level":"info","message":"Request received","method":"POST","service":"user-service","url":"/facility"}
{"date":"2025-08-04T08:29:27.305Z","level":"info","message":"Request received","method":"POST","service":"user-service","url":"/facility"}
{"date":"2025-08-04T08:43:39.993Z","level":"info","message":"Request received","method":"POST","service":"user-service","url":"/booking"}
{"date":"2025-08-04T08:46:34.659Z","level":"info","message":"Request received","method":"GET","service":"user-service","url":"/auth/profile"}
{"date":"2025-08-04T08:46:56.813Z","level":"info","message":"Request received","method":"GET","service":"user-service","url":"/auth/profile"}
{"date":"2025-08-04T08:46:59.852Z","level":"info","message":"Request received","method":"GET","service":"user-service","url":"/tour?page=1&limit=6"}
{"date":"2025-08-04T08:47:00.359Z","level":"info","message":"Request received","method":"GET","service":"user-service","url":"/tour?page=1&limit=6"}
{"date":"2025-08-04T08:51:02.456Z","level":"info","message":"Request received","method":"GET","service":"user-service","url":"/auth/profile"}
{"date":"2025-08-04T08:51:02.734Z","level":"info","message":"Request received","method":"GET","service":"user-service","url":"/tour?page=1&limit=6"}
{"date":"2025-08-04T08:51:03.073Z","level":"error","message":"PlanExecutor error during aggregation :: caused by :: Unsupported conversion from object to objectId in $convert with no onError value","service":"user-service"}
{"date":"2025-08-04T08:53:01.189Z","level":"info","message":"Request received","method":"GET","service":"user-service","url":"/auth/profile"}
{"date":"2025-08-04T08:53:01.496Z","level":"info","message":"Request received","method":"GET","service":"user-service","url":"/tour?page=1&limit=6"}
{"date":"2025-08-04T08:53:01.761Z","level":"error","message":"Argument passed in must be a string of 12 bytes or a string of 24 hex characters or an integer","service":"user-service"}
{"date":"2025-08-04T08:55:10.289Z","level":"info","message":"Request received","method":"GET","service":"user-service","url":"/auth/profile"}
{"date":"2025-08-04T08:55:10.805Z","level":"info","message":"Request received","method":"GET","service":"user-service","url":"/tour?page=1&limit=6"}
{"date":"2025-08-04T08:55:10.894Z","level":"error","message":"Argument passed in must be a string of 12 bytes or a string of 24 hex characters or an integer","service":"user-service"}
{"date":"2025-08-04T08:56:09.759Z","level":"info","message":"Request received","method":"GET","service":"user-service","url":"/auth/profile"}
{"date":"2025-08-04T08:56:10.053Z","level":"info","message":"Request received","method":"GET","service":"user-service","url":"/tour?page=1&limit=6"}
{"date":"2025-08-04T08:56:10.284Z","level":"error","message":"Argument passed in must be a string of 12 bytes or a string of 24 hex characters or an integer","method":"GET","service":"user-service","url":"/?page=1&limit=6"}
{"date":"2025-08-04T08:56:10.547Z","level":"info","message":"Request received","method":"GET","service":"user-service","url":"/tour?page=1&limit=6"}
{"date":"2025-08-04T08:56:10.611Z","level":"error","message":"Argument passed in must be a string of 12 bytes or a string of 24 hex characters or an integer","method":"GET","service":"user-service","url":"/?page=1&limit=6"}
{"date":"2025-08-04T08:58:17.593Z","level":"info","message":"Request received","method":"GET","service":"user-service","url":"/auth/profile"}
{"date":"2025-08-04T08:58:18.047Z","level":"info","message":"Request received","method":"GET","service":"user-service","url":"/tour?page=1&limit=6"}
{"date":"2025-08-04T08:58:18.217Z","level":"error","message":"PlanExecutor error during aggregation :: caused by :: Unsupported conversion from object to objectId in $convert with no onError value","method":"GET","service":"user-service","url":"/?page=1&limit=6"}
{"date":"2025-08-04T08:58:18.541Z","level":"info","message":"Request received","method":"GET","service":"user-service","url":"/tour?page=1&limit=6"}
{"date":"2025-08-04T08:58:18.705Z","level":"error","message":"PlanExecutor error during aggregation :: caused by :: Unsupported conversion from object to objectId in $convert with no onError value","method":"GET","service":"user-service","url":"/?page=1&limit=6"}
{"date":"2025-08-04T08:59:53.307Z","level":"info","message":"Request received","method":"GET","service":"user-service","url":"/tour?page=1&limit=6"}
{"date":"2025-08-04T08:59:53.426Z","level":"error","message":"PlanExecutor error during aggregation :: caused by :: Unsupported conversion from object to objectId in $convert with no onError value","method":"GET","service":"user-service","url":"/?page=1&limit=6"}
{"date":"2025-08-04T09:01:50.655Z","level":"info","message":"Request received","method":"GET","service":"user-service","url":"/tour?page=1&limit=6"}
{"date":"2025-08-04T09:02:36.204Z","level":"info","message":"Request received","method":"GET","service":"user-service","url":"/auth/profile"}
{"date":"2025-08-04T09:02:36.642Z","level":"info","message":"Request received","method":"GET","service":"user-service","url":"/tour?page=1&limit=6"}
{"date":"2025-08-04T09:02:36.890Z","level":"error","message":"fake.aggregate is not a function","method":"GET","service":"user-service","url":"/?page=1&limit=6"}
{"date":"2025-08-04T09:02:37.250Z","level":"info","message":"Request received","method":"GET","service":"user-service","url":"/tour?page=1&limit=6"}
{"date":"2025-08-04T09:02:37.440Z","level":"error","message":"fake.aggregate is not a function","method":"GET","service":"user-service","url":"/?page=1&limit=6"}
{"date":"2025-08-04T09:07:58.800Z","level":"info","message":"Request received","method":"GET","service":"user-service","url":"/auth/profile"}
{"date":"2025-08-04T09:07:59.084Z","level":"info","message":"Request received","method":"GET","service":"user-service","url":"/tour?page=1&limit=6"}
{"date":"2025-08-04T09:07:59.245Z","level":"error","message":"PlanExecutor error during aggregation :: caused by :: Unsupported conversion from object to objectId in $convert with no onError value","method":"GET","service":"user-service","url":"/?page=1&limit=6"}
{"date":"2025-08-04T09:07:59.587Z","level":"info","message":"Request received","method":"GET","service":"user-service","url":"/tour?page=1&limit=6"}
{"date":"2025-08-04T09:07:59.714Z","level":"error","message":"PlanExecutor error during aggregation :: caused by :: Unsupported conversion from object to objectId in $convert with no onError value","method":"GET","service":"user-service","url":"/?page=1&limit=6"}
{"date":"2025-08-04T09:10:28.632Z","level":"info","message":"Request received","method":"GET","service":"user-service","url":"/tour?page=1&limit=6"}
{"date":"2025-08-04T09:11:04.055Z","level":"info","message":"Request received","method":"GET","service":"user-service","url":"/auth/profile"}
{"date":"2025-08-04T09:11:04.348Z","level":"info","message":"Request received","method":"GET","service":"user-service","url":"/tour?page=1&limit=6"}
{"date":"2025-08-04T09:11:04.889Z","level":"info","message":"Request received","method":"GET","service":"user-service","url":"/tour?page=1&limit=6"}
{"date":"2025-08-04T09:11:40.001Z","level":"info","message":"Request received","method":"GET","service":"user-service","url":"/auth/profile"}
{"date":"2025-08-04T09:11:40.336Z","level":"info","message":"Request received","method":"GET","service":"user-service","url":"/tour?page=1&limit=6"}
{"date":"2025-08-04T09:11:40.822Z","level":"info","message":"Request received","method":"GET","service":"user-service","url":"/tour?page=1&limit=6"}
{"date":"2025-08-04T09:11:47.162Z","level":"info","message":"Request received","method":"GET","service":"user-service","url":"/auth/profile"}
{"date":"2025-08-04T09:11:47.472Z","level":"info","message":"Request received","method":"GET","service":"user-service","url":"/tour?page=1&limit=6"}
{"date":"2025-08-04T09:11:48.064Z","level":"info","message":"Request received","method":"GET","service":"user-service","url":"/tour?page=1&limit=6"}
{"date":"2025-08-04T09:15:58.827Z","level":"info","message":"Request received","method":"POST","service":"user-service","url":"/booking"}
{"date":"2025-08-04T09:16:56.274Z","level":"info","message":"Request received","method":"GET","service":"user-service","url":"/auth/profile"}
{"date":"2025-08-04T09:18:33.284Z","level":"info","message":"Request received","method":"POST","service":"user-service","url":"/assessment"}
{"date":"2025-08-04T09:18:33.294Z","level":"error","message":"Assessment validation failed: budget: Path `budget` is required.","method":"POST","service":"user-service","url":"/"}
{"date":"2025-08-04T09:19:01.408Z","level":"info","message":"Request received","method":"POST","service":"user-service","url":"/assessment"}
{"date":"2025-08-04T09:19:01.513Z","level":"info","message":"Request received","method":"POST","service":"user-service","url":"/facility"}
{"date":"2025-08-04T09:19:01.527Z","level":"info","message":"Request received","method":"POST","service":"user-service","url":"/facility"}
{"date":"2025-08-04T09:19:01.556Z","level":"info","message":"Request received","method":"POST","service":"user-service","url":"/facility"}
{"date":"2025-08-04T09:19:13.663Z","level":"info","message":"Request received","method":"POST","service":"user-service","url":"/booking"}
{"date":"2025-08-04T09:20:00.720Z","level":"info","message":"Request received","method":"GET","service":"user-service","url":"/auth/profile"}
{"date":"2025-08-04T09:20:00.952Z","level":"info","message":"Request received","method":"GET","service":"user-service","url":"/tour?page=1&limit=6"}
{"date":"2025-08-04T09:20:01.742Z","level":"info","message":"Request received","method":"GET","service":"user-service","url":"/tour?page=1&limit=6"}
{"date":"2025-08-04T09:20:45.631Z","level":"info","message":"Request received","method":"POST","service":"user-service","url":"/booking"}
{"date":"2025-08-04T09:24:11.525Z","level":"info","message":"Request received","method":"GET","service":"user-service","url":"/auth/profile"}
{"date":"2025-08-04T09:24:13.811Z","level":"info","message":"Request received","method":"GET","service":"user-service","url":"/tour?page=1&limit=6"}
{"date":"2025-08-04T09:24:14.321Z","level":"info","message":"Request received","method":"GET","service":"user-service","url":"/tour?page=1&limit=6"}
{"date":"2025-08-04T09:24:33.809Z","level":"info","message":"Request received","method":"GET","service":"user-service","url":"/auth/profile"}
{"date":"2025-08-04T09:24:33.991Z","level":"info","message":"Request received","method":"GET","service":"user-service","url":"/tour?page=1&limit=6"}
{"date":"2025-08-04T09:24:34.496Z","level":"info","message":"Request received","method":"GET","service":"user-service","url":"/tour?page=1&limit=6"}
{"date":"2025-08-04T09:24:42.425Z","level":"info","message":"Request received","method":"GET","service":"user-service","url":"/auth/profile"}
{"date":"2025-08-04T09:24:42.632Z","level":"info","message":"Request received","method":"GET","service":"user-service","url":"/tour?page=1&limit=6"}
{"date":"2025-08-04T09:24:43.141Z","level":"info","message":"Request received","method":"GET","service":"user-service","url":"/tour?page=1&limit=6"}
{"date":"2025-08-04T09:24:53.168Z","level":"info","message":"Request received","method":"GET","service":"user-service","url":"/auth/profile"}
{"date":"2025-08-04T09:24:53.391Z","level":"info","message":"Request received","method":"GET","service":"user-service","url":"/tour?page=1&limit=6"}
{"date":"2025-08-04T09:24:53.895Z","level":"info","message":"Request received","method":"GET","service":"user-service","url":"/tour?page=1&limit=6"}
{"date":"2025-08-04T09:25:30.929Z","level":"info","message":"Request received","method":"GET","service":"user-service","url":"/auth/profile"}
{"date":"2025-08-04T09:25:31.232Z","level":"info","message":"Request received","method":"GET","service":"user-service","url":"/tour?page=1&limit=6"}
{"date":"2025-08-04T09:25:31.823Z","level":"info","message":"Request received","method":"GET","service":"user-service","url":"/tour?page=1&limit=6"}
{"date":"2025-08-04T09:26:32.251Z","level":"info","message":"Request received","method":"GET","service":"user-service","url":"/auth/profile"}
{"date":"2025-08-04T09:28:01.108Z","level":"info","message":"Request received","method":"POST","service":"user-service","url":"/assessment"}
{"date":"2025-08-04T09:28:01.224Z","level":"info","message":"Request received","method":"POST","service":"user-service","url":"/facility"}
{"date":"2025-08-04T09:28:01.248Z","level":"info","message":"Request received","method":"POST","service":"user-service","url":"/facility"}
{"date":"2025-08-04T09:28:01.289Z","level":"info","message":"Request received","method":"POST","service":"user-service","url":"/facility"}
{"date":"2025-08-04T09:29:31.461Z","level":"info","message":"Request received","method":"POST","service":"user-service","url":"/booking"}
{"date":"2025-08-04T09:40:02.452Z","level":"info","message":"Request received","method":"GET","service":"user-service","url":"/auth/profile"}
{"date":"2025-08-04T09:41:24.159Z","level":"info","message":"Request received","method":"POST","service":"user-service","url":"/assessment"}
{"date":"2025-08-04T09:41:24.311Z","level":"info","message":"Request received","method":"POST","service":"user-service","url":"/facility"}
{"date":"2025-08-04T09:41:24.392Z","level":"info","message":"Request received","method":"POST","service":"user-service","url":"/facility"}
{"date":"2025-08-04T09:41:24.495Z","level":"info","message":"Request received","method":"POST","service":"user-service","url":"/facility"}
{"date":"2025-08-04T09:41:50.793Z","level":"info","message":"Request received","method":"POST","service":"user-service","url":"/booking"}
{"date":"2025-08-04T09:45:03.015Z","level":"info","message":"Request received","method":"POST","service":"user-service","url":"/booking"}
{"date":"2025-08-04T09:45:10.577Z","level":"info","message":"Request received","method":"GET","service":"user-service","url":"/auth/profile"}
{"date":"2025-08-04T09:46:16.418Z","level":"info","message":"Request received","method":"POST","service":"user-service","url":"/assessment"}
{"date":"2025-08-04T09:46:16.530Z","level":"info","message":"Request received","method":"POST","service":"user-service","url":"/facility"}
{"date":"2025-08-04T09:46:16.652Z","level":"info","message":"Request received","method":"POST","service":"user-service","url":"/facility"}
{"date":"2025-08-04T09:46:16.677Z","level":"info","message":"Request received","method":"POST","service":"user-service","url":"/facility"}
{"date":"2025-08-04T09:46:33.994Z","level":"info","message":"Request received","method":"POST","service":"user-service","url":"/booking"}
{"date":"2025-08-04T09:48:35.683Z","level":"info","message":"Request received","method":"POST","service":"user-service","url":"/booking"}
{"date":"2025-08-04T09:50:49.314Z","level":"info","message":"Request received","method":"POST","service":"user-service","url":"/booking"}
{"date":"2025-08-04T09:51:06.280Z","level":"info","message":"Request received","method":"GET","service":"user-service","url":"/auth/profile"}
{"date":"2025-08-04T09:51:08.691Z","level":"info","message":"Request received","method":"GET","service":"user-service","url":"/tour?page=1&limit=6"}
{"date":"2025-08-04T09:51:09.170Z","level":"info","message":"Request received","method":"GET","service":"user-service","url":"/tour?page=1&limit=6"}
{"date":"2025-08-04T09:51:23.986Z","level":"info","message":"Request received","method":"GET","service":"user-service","url":"/auth/profile"}
{"date":"2025-08-04T09:51:24.275Z","level":"info","message":"Request received","method":"GET","service":"user-service","url":"/tour?page=1&limit=6"}
{"date":"2025-08-04T09:51:24.735Z","level":"info","message":"Request received","method":"GET","service":"user-service","url":"/tour?page=1&limit=6"}
{"date":"2025-08-04T09:53:27.661Z","level":"info","message":"Request received","method":"POST","service":"user-service","url":"/assessment"}
{"date":"2025-08-04T09:53:27.882Z","level":"info","message":"Request received","method":"POST","service":"user-service","url":"/facility"}
{"date":"2025-08-04T09:53:28.021Z","level":"info","message":"Request received","method":"POST","service":"user-service","url":"/facility"}
{"date":"2025-08-04T09:53:28.150Z","level":"info","message":"Request received","method":"POST","service":"user-service","url":"/facility"}
{"date":"2025-08-04T09:53:44.066Z","level":"info","message":"Request received","method":"POST","service":"user-service","url":"/booking"}
{"date":"2025-08-04T09:56:10.586Z","level":"info","message":"Request received","method":"POST","service":"user-service","url":"/booking"}
{"date":"2025-08-04T09:57:43.371Z","level":"info","message":"Request received","method":"POST","service":"user-service","url":"/booking"}
{"date":"2025-08-04T10:00:15.928Z","level":"info","message":"Request received","method":"GET","service":"user-service","url":"/auth/profile"}
{"date":"2025-08-04T10:00:22.941Z","level":"info","message":"Request received","method":"GET","service":"user-service","url":"/tour?page=1&limit=6"}
{"date":"2025-08-04T10:00:23.455Z","level":"info","message":"Request received","method":"GET","service":"user-service","url":"/tour?page=1&limit=6"}
{"date":"2025-08-04T10:00:40.137Z","level":"info","message":"Request received","method":"GET","service":"user-service","url":"/tour?page=2&limit=6"}
{"date":"2025-08-04T10:00:42.789Z","level":"info","message":"Request received","method":"GET","service":"user-service","url":"/tour?page=1&limit=6"}
{"date":"2025-08-04T10:04:28.146Z","level":"info","message":"Request received","method":"GET","service":"user-service","url":"/auth/profile"}
{"date":"2025-08-04T10:06:09.864Z","level":"info","message":"Request received","method":"POST","service":"user-service","url":"/assessment"}
{"date":"2025-08-04T10:06:10.034Z","level":"info","message":"Request received","method":"POST","service":"user-service","url":"/facility"}
{"date":"2025-08-04T10:06:10.042Z","level":"info","message":"Request received","method":"POST","service":"user-service","url":"/facility"}
{"date":"2025-08-04T10:06:10.180Z","level":"info","message":"Request received","method":"POST","service":"user-service","url":"/facility"}
{"date":"2025-08-04T10:06:28.313Z","level":"info","message":"Request received","method":"POST","service":"user-service","url":"/booking"}
{"date":"2025-08-04T10:11:50.291Z","level":"info","message":"Request received","method":"GET","service":"user-service","url":"/auth/profile"}
{"date":"2025-08-04T10:11:54.129Z","level":"info","message":"Request received","method":"GET","service":"user-service","url":"/tour?page=1&limit=6"}
{"date":"2025-08-04T10:11:54.640Z","level":"info","message":"Request received","method":"GET","service":"user-service","url":"/tour?page=1&limit=6"}
{"date":"2025-08-04T10:12:09.761Z","level":"info","message":"Request received","method":"GET","service":"user-service","url":"/tour?page=2&limit=6"}
{"date":"2025-08-04T10:13:30.806Z","level":"info","message":"Request received","method":"GET","service":"user-service","url":"/auth/profile"}
{"date":"2025-08-04T10:13:31.092Z","level":"info","message":"Request received","method":"GET","service":"user-service","url":"/tour?page=1&limit=6"}
{"date":"2025-08-04T10:13:31.549Z","level":"info","message":"Request received","method":"GET","service":"user-service","url":"/tour?page=1&limit=6"}
{"date":"2025-08-04T10:13:38.810Z","level":"info","message":"Request received","method":"GET","service":"user-service","url":"/auth/profile"}
{"date":"2025-08-04T10:14:58.007Z","level":"info","message":"Request received","method":"POST","service":"user-service","url":"/assessment"}
{"date":"2025-08-04T10:14:58.118Z","level":"info","message":"Request received","method":"POST","service":"user-service","url":"/facility"}
{"date":"2025-08-04T10:14:58.130Z","level":"info","message":"Request received","method":"POST","service":"user-service","url":"/facility"}
{"date":"2025-08-04T10:14:58.153Z","level":"info","message":"Request received","method":"POST","service":"user-service","url":"/facility"}
{"date":"2025-08-04T10:15:08.767Z","level":"info","message":"Request received","method":"POST","service":"user-service","url":"/booking"}
{"date":"2025-08-04T10:19:36.500Z","level":"info","message":"Request received","method":"GET","service":"user-service","url":"/auth/profile"}
{"date":"2025-08-04T10:19:45.243Z","level":"info","message":"Request received","method":"GET","service":"user-service","url":"/tour?page=1&limit=6"}
{"date":"2025-08-04T10:19:45.760Z","level":"info","message":"Request received","method":"GET","service":"user-service","url":"/tour?page=1&limit=6"}
{"date":"2025-08-04T10:28:25.253Z","level":"info","message":"Request received","method":"POST","service":"user-service","url":"/assessment"}
{"date":"2025-08-04T10:28:25.359Z","level":"info","message":"Request received","method":"POST","service":"user-service","url":"/facility"}
{"date":"2025-08-04T10:28:25.368Z","level":"info","message":"Request received","method":"POST","service":"user-service","url":"/facility"}
{"date":"2025-08-04T10:28:25.391Z","level":"info","message":"Request received","method":"POST","service":"user-service","url":"/facility"}
{"date":"2025-08-04T10:28:38.898Z","level":"info","message":"Request received","method":"POST","service":"user-service","url":"/booking"}
{"date":"2025-08-04T11:05:45.798Z","level":"info","message":"Request received","method":"GET","service":"user-service","url":"/auth/profile"}
{"date":"2025-08-04T11:05:47.590Z","level":"info","message":"Request received","method":"GET","service":"user-service","url":"/tour?page=1&limit=6"}
{"date":"2025-08-04T11:05:48.091Z","level":"info","message":"Request received","method":"GET","service":"user-service","url":"/tour?page=1&limit=6"}
