{"date":"2025-08-01T20:47:09.973Z","level":"error","message":"Could not connect to any servers in your MongoDB Atlas cluster. One common reason is that you're trying to access the database from an IP that isn't whitelisted. Make sure your current IP address is on your Atlas cluster's IP whitelist: https://docs.atlas.mongodb.com/security-whitelist/","method":"GET","service":"user-service","url":"/profile"}
{"date":"2025-08-04T07:42:10.348Z","level":"error","message":"Failed to optimize pipeline :: caused by :: Failed to parse objectId 'booking' in $convert with no onError value: Invalid string length for parsing to OID, expected 24 but found 7","service":"user-service"}
{"date":"2025-08-04T07:44:05.843Z","level":"error","message":"Invalid verification code","method":"POST","service":"user-service","url":"/verify-login-code"}
{"date":"2025-08-04T07:44:12.614Z","level":"error","message":"Invalid verification code","method":"POST","service":"user-service","url":"/verify-login-code"}
{"date":"2025-08-04T07:44:29.106Z","level":"error","message":"Failed to optimize pipeline :: caused by :: Failed to parse objectId 'booking' in $convert with no onError value: Invalid string length for parsing to OID, expected 24 but found 7","service":"user-service"}
{"date":"2025-08-04T07:52:01.609Z","level":"error","message":"PlanExecutor error during aggregation :: caused by :: Unsupported conversion from object to objectId in $convert with no onError value","service":"user-service"}
{"date":"2025-08-04T08:51:03.073Z","level":"error","message":"PlanExecutor error during aggregation :: caused by :: Unsupported conversion from object to objectId in $convert with no onError value","service":"user-service"}
{"date":"2025-08-04T08:53:01.761Z","level":"error","message":"Argument passed in must be a string of 12 bytes or a string of 24 hex characters or an integer","service":"user-service"}
{"date":"2025-08-04T08:55:10.894Z","level":"error","message":"Argument passed in must be a string of 12 bytes or a string of 24 hex characters or an integer","service":"user-service"}
{"date":"2025-08-04T08:56:10.284Z","level":"error","message":"Argument passed in must be a string of 12 bytes or a string of 24 hex characters or an integer","method":"GET","service":"user-service","url":"/?page=1&limit=6"}
{"date":"2025-08-04T08:56:10.611Z","level":"error","message":"Argument passed in must be a string of 12 bytes or a string of 24 hex characters or an integer","method":"GET","service":"user-service","url":"/?page=1&limit=6"}
{"date":"2025-08-04T08:58:18.217Z","level":"error","message":"PlanExecutor error during aggregation :: caused by :: Unsupported conversion from object to objectId in $convert with no onError value","method":"GET","service":"user-service","url":"/?page=1&limit=6"}
{"date":"2025-08-04T08:58:18.705Z","level":"error","message":"PlanExecutor error during aggregation :: caused by :: Unsupported conversion from object to objectId in $convert with no onError value","method":"GET","service":"user-service","url":"/?page=1&limit=6"}
{"date":"2025-08-04T08:59:53.426Z","level":"error","message":"PlanExecutor error during aggregation :: caused by :: Unsupported conversion from object to objectId in $convert with no onError value","method":"GET","service":"user-service","url":"/?page=1&limit=6"}
{"date":"2025-08-04T09:02:36.890Z","level":"error","message":"fake.aggregate is not a function","method":"GET","service":"user-service","url":"/?page=1&limit=6"}
{"date":"2025-08-04T09:02:37.440Z","level":"error","message":"fake.aggregate is not a function","method":"GET","service":"user-service","url":"/?page=1&limit=6"}
{"date":"2025-08-04T09:07:59.245Z","level":"error","message":"PlanExecutor error during aggregation :: caused by :: Unsupported conversion from object to objectId in $convert with no onError value","method":"GET","service":"user-service","url":"/?page=1&limit=6"}
{"date":"2025-08-04T09:07:59.714Z","level":"error","message":"PlanExecutor error during aggregation :: caused by :: Unsupported conversion from object to objectId in $convert with no onError value","method":"GET","service":"user-service","url":"/?page=1&limit=6"}
{"date":"2025-08-04T09:18:33.294Z","level":"error","message":"Assessment validation failed: budget: Path `budget` is required.","method":"POST","service":"user-service","url":"/"}
{"date":"2025-08-04T11:44:26.937Z","level":"error","message":"Schema hasn't been registered for model \"user\".\nUse mongoose.model(name, schema)","method":"GET","service":"user-service","url":"/688d2975b11ddc8c52af6f98"}
{"date":"2025-08-04T11:45:50.198Z","level":"error","message":"Schema hasn't been registered for model \"users\".\nUse mongoose.model(name, schema)","method":"GET","service":"user-service","url":"/688d2975b11ddc8c52af6f98"}
{"date":"2025-08-04T12:30:48.037Z","level":"error","message":"_id is not defined","method":"GET","service":"user-service","url":"/688d2975b11ddc8c52af6f98"}
{"date":"2025-08-04T12:31:14.859Z","level":"error","message":"_id is not defined","method":"GET","service":"user-service","url":"/688d2975b11ddc8c52af6f98"}
{"date":"2025-08-04T12:32:32.617Z","level":"error","message":"mongoose is not defined","method":"GET","service":"user-service","url":"/688d2975b11ddc8c52af6f98"}
{"date":"2025-08-04T12:32:54.335Z","level":"error","message":"_id is not defined","method":"GET","service":"user-service","url":"/688d2975b11ddc8c52af6f98"}
{"date":"2025-08-04T12:36:06.055Z","level":"error","message":"_id is not defined","method":"GET","service":"user-service","url":"/688d2975b11ddc8c52af6f98"}
{"date":"2025-08-04T12:38:53.486Z","level":"error","message":"_id is not defined","method":"GET","service":"user-service","url":"/688d2975b11ddc8c52af6f98"}
{"date":"2025-08-04T13:01:30.995Z","level":"error","message":"mongoose is not defined","service":"user-service"}
{"date":"2025-08-04T13:02:00.848Z","level":"error","message":"mongoose is not defined","method":"GET","service":"user-service","url":"/688d2975b11ddc8c52af6f98"}
{"date":"2025-08-04T13:06:30.769Z","level":"error","message":"currentUserId is not defined","method":"GET","service":"user-service","url":"/688d2975b11ddc8c52af6f98"}
{"date":"2025-08-04T13:08:50.941Z","level":"error","message":"currentUserId is not defined","method":"GET","service":"user-service","url":"/688d2975b11ddc8c52af6f98"}
{"date":"2025-08-04T13:09:29.602Z","level":"error","message":"PlanExecutor error during aggregation :: caused by :: $in requires an array as a second argument, found: missing","method":"GET","service":"user-service","url":"/688d2975b11ddc8c52af6f98"}
{"date":"2025-08-04T13:23:40.369Z","level":"error","message":"_id is not defined","method":"GET","service":"user-service","url":"/688d2975b11ddc8c52af6f98"}
{"date":"2025-08-04T13:24:04.780Z","level":"error","message":"PlanExecutor error during aggregation :: caused by :: $in requires an array as a second argument, found: null","method":"GET","service":"user-service","url":"/688d2975b11ddc8c52af6f98"}
{"date":"2025-08-04T13:24:40.240Z","level":"error","message":"PlanExecutor error during aggregation :: caused by :: $in requires an array as a second argument, found: missing","method":"GET","service":"user-service","url":"/688d2975b11ddc8c52af6f98"}
{"date":"2025-08-05T14:50:05.422Z","level":"error","message":"Create your my care tour first","method":"POST","service":"user-service","url":"/request-login-code"}
{"date":"2025-08-05T14:50:34.314Z","level":"error","message":"Create your my care tour first","method":"POST","service":"user-service","url":"/request-login-code"}
{"date":"2025-08-05T14:51:38.431Z","level":"error","message":"Create your my care tour first","method":"POST","service":"user-service","url":"/request-login-code"}
{"date":"2025-08-05T14:53:01.215Z","level":"error","message":{"message":"Create your my care tour first","redirect":true},"method":"POST","service":"user-service","url":"/request-login-code"}
{"date":"2025-08-05T14:55:14.216Z","level":"error","message":{"message":"Create your my care tour first","redirect":true},"method":"POST","service":"user-service","url":"/request-login-code"}
{"date":"2025-08-05T14:55:49.223Z","level":"error","message":{"message":"Create your my care tour first","redirect":true},"method":"POST","service":"user-service","url":"/request-login-code"}
{"date":"2025-08-05T14:57:34.323Z","level":"error","message":{"message":"Create your my care tour first","redirect":true},"method":"POST","service":"user-service","url":"/request-login-code"}
{"date":"2025-08-05T14:58:06.290Z","level":"error","message":{"message":"Create your my care tour first","redirect":true},"method":"POST","service":"user-service","url":"/request-login-code"}
{"date":"2025-08-07T13:32:49.687Z","level":"error","message":{"message":"Create your my care tour first","redirect":true},"method":"POST","service":"user-service","url":"/request-login-code"}
{"date":"2025-08-07T14:33:25.462Z","level":"error","message":"user.getJWTToken is not a function","method":"POST","service":"user-service","url":"/login-without-code"}
{"date":"2025-08-07T14:35:24.097Z","level":"error","message":"Booked tour not found","method":"POST","service":"user-service","url":"/login-without-code"}
{"date":"2025-08-07T14:37:02.482Z","level":"error","message":"Booked tour not found","method":"POST","service":"user-service","url":"/login-without-code"}
{"date":"2025-08-07T14:39:10.056Z","level":"error","message":"Booked tour not found","method":"POST","service":"user-service","url":"/login-without-code"}
{"date":"2025-08-07T14:52:13.951Z","level":"error","message":"Booked tour not found","method":"POST","service":"user-service","url":"/login-without-code"}
{"date":"2025-08-07T15:35:00.140Z","level":"error","message":{"message":"Create your my care tour first","redirect":true},"method":"POST","service":"user-service","url":"/request-login-code"}
{"date":"2025-08-07T15:36:12.829Z","level":"error","message":{"message":"Create your my care tour first","redirect":true},"method":"POST","service":"user-service","url":"/request-login-code"}
{"date":"2025-08-07T15:37:04.124Z","level":"error","message":{"message":"Create your my care tour first","redirect":true},"method":"POST","service":"user-service","url":"/request-login-code"}
{"date":"2025-08-07T15:53:23.005Z","level":"error","message":"User not found or inactive","method":"GET","service":"user-service","url":"/profile"}
{"date":"2025-08-07T15:53:23.108Z","level":"error","message":"Invalid refresh token","method":"POST","service":"user-service","url":"/refresh-token"}
{"date":"2025-08-07T15:54:09.877Z","level":"error","message":{"message":"Create your my care tour first","redirect":true},"method":"POST","service":"user-service","url":"/request-login-code"}
{"date":"2025-08-07T15:55:39.530Z","level":"error","message":"User not found","method":"POST","service":"user-service","url":"/login-without-code"}
{"date":"2025-08-07T15:55:41.967Z","level":"error","message":"User not found","method":"POST","service":"user-service","url":"/login-without-code"}
{"date":"2025-08-08T09:49:50.812Z","level":"error","message":"Access token is required","method":"GET","service":"user-service","url":"/"}
{"date":"2025-08-08T10:03:09.098Z","level":"error","message":"Access token is required","method":"GET","service":"user-service","url":"/"}
{"date":"2025-08-08T10:03:15.987Z","level":"error","message":"Access token is required","method":"POST","service":"user-service","url":"/"}
{"date":"2025-08-08T10:03:38.499Z","level":"error","message":"Cannot destructure property '_id' of 'req.user' as it is undefined.","method":"POST","service":"user-service","url":"/"}
{"date":"2025-08-08T10:04:13.134Z","level":"error","message":"Cannot destructure property '_id' of 'req.user' as it is undefined.","method":"POST","service":"user-service","url":"/"}
{"date":"2025-08-08T14:19:03.548Z","level":"error","message":"Access token is required","method":"GET","service":"user-service","url":"/article/6896074c5c6bdfc3feb63040"}
{"date":"2025-08-08T14:19:26.992Z","level":"error","message":"Access token is required","method":"PUT","service":"user-service","url":"/update-article/6896074c5c6bdfc3feb63040"}
{"date":"2025-08-08T14:21:33.975Z","level":"error","message":"Invalid image file","method":"PUT","service":"user-service","url":"/update-article/6896074c5c6bdfc3feb63040"}
